 -------------- Error (2024-01-12 15:48:01.6924) --------------
 
 Call Site: Program.Main
 Exception Type: System.DivideByZeroException
 Exception Message: Attempted to divide by zero.
 Stack Trace:    at Program.Main() in C:\Users\george.chkhaidze\source\repos\ATM\ATM\Program.cs:line 20
 Additional Info: Error: Attempted to divide by zero.

 -------------- Error (2024-01-12 18:13:03.4637) --------------
 
 Call Site: Program.Main
 Exception Type: System.DivideByZeroException
 Exception Message: Attempted to divide by zero.
 Stack Trace:    at Program.Main() in C:\Users\george.chkhaidze\source\repos\ATM\ATM\Program.cs:line 20
 Additional Info: Error: Attempted to divide by zero.

 -------------- Error (2024-11-22 15:10:23.9902) --------------
 
 Call Site: Program.Main
 Exception Type: System.Net.Http.HttpRequestException
 Exception Message: No such host is known. (nbg.gov.ge:443)
 Stack Trace:    at System.Net.Http.ConnectHelper.ConnectAsync(Func`3 callback, DnsEndPoint endPoint, HttpRequestMessage requestMessage, CancellationToken cancellationToken)
   at System.Net.Http.HttpConnectionPool.ConnectAsync(HttpRequestMessage request, Boolean async, CancellationToken cancellationToken)
   at System.Net.Http.HttpConnectionPool.CreateHttp11ConnectionAsync(HttpRequestMessage request, Boolean async, CancellationToken cancellationToken)
   at System.Net.Http.HttpConnectionPool.GetHttpConnectionAsync(HttpRequestMessage request, Boolean async, CancellationToken cancellationToken)
   at System.Net.Http.HttpConnectionPool.SendWithRetryAsync(HttpRequestMessage request, Boolean async, Boolean doRequestAuth, CancellationToken cancellationToken)
   at System.Net.Http.RedirectHandler.SendAsync(HttpRequestMessage request, Boolean async, CancellationToken cancellationToken)
   at System.Net.Http.HttpClient.SendAsyncCore(HttpRequestMessage request, HttpCompletionOption completionOption, Boolean async, Boolean emitTelemetryStartStop, CancellationToken cancellationToken)
   at BANKING_APPLICATION.CurrencyService.FetchCurrencyDataAsync() in C:\Users\george.chkhaidze\source\repos\ATM\ATM\CurrencyService.cs:line 19
   at BANKING_APPLICATION.BankingApplication.ChangeAmount(CardholderData data) in C:\Users\george.chkhaidze\source\repos\ATM\ATM\BankingApplication.cs:line 689
 Additional Info: Error: One or more errors occurred. (No such host is known. (nbg.gov.ge:443))

